<?xml version="1.0" encoding="UTF-8"?>
<testsuite name="queue.QueueListTest" tests="5" skipped="0" failures="0" errors="0" timestamp="2022-02-20T22:26:05" hostname="HP-PAVILION-PIE" time="0.081">
  <properties/>
  <testcase name="previous()" classname="queue.QueueListTest" time="0.038"/>
  <testcase name="getCurrentTrack()" classname="queue.QueueListTest" time="0.038"/>
  <testcase name="removeAt()" classname="queue.QueueListTest" time="0.001"/>
  <testcase name="add()" classname="queue.QueueListTest" time="0.0"/>
  <testcase name="next()" classname="queue.QueueListTest" time="0.001"/>
  <system-out><![CDATA[]]></system-out>
  <system-err><![CDATA[]]></system-err>
</testsuite>
