<?xml version="1.0" encoding="UTF-8"?>
<testsuite name="JSONDataTest" tests="1" skipped="0" failures="0" errors="0" timestamp="2022-02-21T00:01:19" hostname="HP-PAVILION-PIE" time="0.155">
  <properties/>
  <testcase name="parseJSON()" classname="JSONDataTest" time="0.155"/>
  <system-out><![CDATA[]]></system-out>
  <system-err><![CDATA[]]></system-err>
</testsuite>
